[1222/195946.504:ERROR:process_reader_win.cc(123)] NtOpenThread: {无法访问} 过程已请求访问一对象，但未给访问权限。 (0xc0000022)
[1222/195946.508:ERROR:exception_snapshot_win.cc(98)] thread ID 5620 not found in process
[1222/200928.961:ERROR:process_reader_win.cc(123)] NtOpenThread: {无法访问} 过程已请求访问一对象，但未给访问权限。 (0xc0000022)
[1222/200928.962:ERROR:exception_snapshot_win.cc(98)] thread ID 15004 not found in process
[1222/203100.899:ERROR:process_reader_win.cc(123)] NtOpenThread: {无法访问} 过程已请求访问一对象，但未给访问权限。 (0xc0000022)
[1222/203100.904:ERROR:exception_snapshot_win.cc(98)] thread ID 7028 not found in process
[1222/203333.324:ERROR:process_reader_win.cc(123)] NtOpenThread: {无法访问} 过程已请求访问一对象，但未给访问权限。 (0xc0000022)
[1222/203333.324:ERROR:exception_snapshot_win.cc(98)] thread ID 2564 not found in process
[1222/204204.419:ERROR:process_reader_win.cc(123)] NtOpenThread: {无法访问} 过程已请求访问一对象，但未给访问权限。 (0xc0000022)
[1222/204204.424:ERROR:exception_snapshot_win.cc(98)] thread ID 15108 not found in process
[1222/205434.583:ERROR:process_reader_win.cc(123)] NtOpenThread: {无法访问} 过程已请求访问一对象，但未给访问权限。 (0xc0000022)
[1222/205434.599:ERROR:exception_snapshot_win.cc(98)] thread ID 20252 not found in process
[1222/210559.529:ERROR:process_reader_win.cc(123)] NtOpenThread: {无法访问} 过程已请求访问一对象，但未给访问权限。 (0xc0000022)
[1222/210559.530:ERROR:exception_snapshot_win.cc(98)] thread ID 1700 not found in process
[1222/223031.292:ERROR:process_reader_win.cc(123)] NtOpenThread: {无法访问} 过程已请求访问一对象，但未给访问权限。 (0xc0000022)
[1222/223031.293:ERROR:exception_snapshot_win.cc(98)] thread ID 6056 not found in process
[1222/233207.071:ERROR:process_reader_win.cc(123)] NtOpenThread: {无法访问} 过程已请求访问一对象，但未给访问权限。 (0xc0000022)
[1222/233207.076:ERROR:exception_snapshot_win.cc(98)] thread ID 5028 not found in process
[1223/100834.719:ERROR:process_reader_win.cc(123)] NtOpenThread: {无法访问} 过程已请求访问一对象，但未给访问权限。 (0xc0000022)
[1223/100834.725:ERROR:exception_snapshot_win.cc(98)] thread ID 12140 not found in process
[1223/111143.859:ERROR:process_reader_win.cc(123)] NtOpenThread: {无法访问} 过程已请求访问一对象，但未给访问权限。 (0xc0000022)
[1223/111143.859:ERROR:exception_snapshot_win.cc(98)] thread ID 17056 not found in process
[1223/114611.275:ERROR:process_reader_win.cc(123)] NtOpenThread: {无法访问} 过程已请求访问一对象，但未给访问权限。 (0xc0000022)
[1223/114611.278:ERROR:exception_snapshot_win.cc(98)] thread ID 9972 not found in process
[1223/173323.128:ERROR:process_reader_win.cc(123)] NtOpenThread: {无法访问} 过程已请求访问一对象，但未给访问权限。 (0xc0000022)
[1223/173323.132:ERROR:exception_snapshot_win.cc(98)] thread ID 16924 not found in process
[0119/203652.039:ERROR:process_reader_win.cc(123)] NtOpenThread: {无法访问} 过程已请求访问一对象，但未给访问权限。 (0xc0000022)
[0119/203652.041:ERROR:exception_snapshot_win.cc(98)] thread ID 15404 not found in process
[0119/223117.759:ERROR:process_reader_win.cc(151)] SuspendThread: 拒绝访问。 (0x5)
[0119/223117.757:ERROR:process_reader_win.cc(151)] SuspendThread: 拒绝访问。 (0x5)
[0119/223117.942:ERROR:process_reader_win.cc(151)] SuspendThread: 拒绝访问。 (0x5)
[0119/223117.769:ERROR:process_reader_win.cc(151)] SuspendThread: 拒绝访问。 (0x5)
[0119/223117.931:ERROR:process_reader_win.cc(151)] SuspendThread: 拒绝访问。 (0x5)
[0119/223117.910:ERROR:process_reader_win.cc(151)] SuspendThread: 拒绝访问。 (0x5)
[0119/223117.748:ERROR:process_reader_win.cc(151)] SuspendThread: 拒绝访问。 (0x5)
[0119/223117.927:ERROR:process_reader_win.cc(151)] SuspendThread: 拒绝访问。 (0x5)
[0119/223117.918:ERROR:process_reader_win.cc(151)] SuspendThread: 拒绝访问。 (0x5)
[0119/223117.703:ERROR:process_reader_win.cc(151)] SuspendThread: 拒绝访问。 (0x5)
[0119/223117.910:ERROR:process_reader_win.cc(151)] SuspendThread: 拒绝访问。 (0x5)
[0119/223117.652:ERROR:process_reader_win.cc(151)] SuspendThread: 拒绝访问。 (0x5)
[0119/223117.904:ERROR:process_reader_win.cc(151)] SuspendThread: 拒绝访问。 (0x5)
[0119/223117.896:ERROR:process_reader_win.cc(151)] SuspendThread: 拒绝访问。 (0x5)
[0119/223117.863:ERROR:process_reader_win.cc(151)] SuspendThread: 拒绝访问。 (0x5)
[0119/223117.860:ERROR:process_reader_win.cc(151)] SuspendThread: 拒绝访问。 (0x5)
[0119/223117.852:ERROR:process_reader_win.cc(151)] SuspendThread: 拒绝访问。 (0x5)
[0119/223117.775:ERROR:process_reader_win.cc(151)] SuspendThread: 拒绝访问。 (0x5)
[0119/223117.788:ERROR:process_reader_win.cc(151)] SuspendThread: 拒绝访问。 (0x5)
[0119/223117.789:ERROR:process_reader_win.cc(151)] SuspendThread: 拒绝访问。 (0x5)
[0119/223117.841:ERROR:process_reader_win.cc(151)] SuspendThread: 拒绝访问。 (0x5)
[0119/223117.817:ERROR:process_reader_win.cc(151)] SuspendThread: 拒绝访问。 (0x5)
[0119/223117.822:ERROR:process_reader_win.cc(151)] SuspendThread: 拒绝访问。 (0x5)
[0119/223117.804:ERROR:process_reader_win.cc(151)] SuspendThread: 拒绝访问。 (0x5)
[0119/223117.830:ERROR:process_reader_win.cc(151)] SuspendThread: 拒绝访问。 (0x5)
[0119/223118.096:ERROR:process_reader_win.cc(151)] SuspendThread: 拒绝访问。 (0x5)
[0119/223118.097:ERROR:process_reader_win.cc(151)] SuspendThread: 拒绝访问。 (0x5)
[0119/223118.097:ERROR:process_reader_win.cc(151)] SuspendThread: 拒绝访问。 (0x5)
[0119/223118.097:ERROR:process_reader_win.cc(151)] SuspendThread: 拒绝访问。 (0x5)
[0119/223118.097:ERROR:process_reader_win.cc(151)] SuspendThread: 拒绝访问。 (0x5)
[0119/223118.097:ERROR:process_reader_win.cc(151)] SuspendThread: 拒绝访问。 (0x5)
[0119/223118.097:ERROR:process_reader_win.cc(151)] SuspendThread: 拒绝访问。 (0x5)
[0119/223118.097:ERROR:process_reader_win.cc(151)] SuspendThread: 拒绝访问。 (0x5)
[0119/223118.097:ERROR:process_reader_win.cc(151)] SuspendThread: 拒绝访问。 (0x5)
[0119/223118.097:ERROR:process_reader_win.cc(151)] SuspendThread: 拒绝访问。 (0x5)
[0119/223118.097:ERROR:process_reader_win.cc(151)] SuspendThread: 拒绝访问。 (0x5)
[0119/223118.097:ERROR:process_reader_win.cc(151)] SuspendThread: 拒绝访问。 (0x5)
[0119/223118.097:ERROR:process_reader_win.cc(151)] SuspendThread: 拒绝访问。 (0x5)
[0119/223118.098:ERROR:process_reader_win.cc(151)] SuspendThread: 拒绝访问。 (0x5)
[0119/223118.098:ERROR:process_reader_win.cc(151)] SuspendThread: 拒绝访问。 (0x5)
[0119/223118.098:ERROR:process_reader_win.cc(151)] SuspendThread: 拒绝访问。 (0x5)
[0119/223118.098:ERROR:process_reader_win.cc(151)] SuspendThread: 拒绝访问。 (0x5)
[0119/223118.098:ERROR:process_reader_win.cc(151)] SuspendThread: 拒绝访问。 (0x5)
[0119/223118.098:ERROR:process_reader_win.cc(151)] SuspendThread: 拒绝访问。 (0x5)
[0119/223118.098:ERROR:process_reader_win.cc(151)] SuspendThread: 拒绝访问。 (0x5)
[0119/223118.098:ERROR:process_reader_win.cc(151)] SuspendThread: 拒绝访问。 (0x5)
[0119/223118.098:ERROR:process_reader_win.cc(151)] SuspendThread: 拒绝访问。 (0x5)
[0119/223118.098:ERROR:process_reader_win.cc(151)] SuspendThread: 拒绝访问。 (0x5)
[0119/223118.098:ERROR:process_reader_win.cc(151)] SuspendThread: 拒绝访问。 (0x5)
[0119/223118.098:ERROR:process_reader_win.cc(151)] SuspendThread: 拒绝访问。 (0x5)
[0119/223118.098:ERROR:process_reader_win.cc(151)] SuspendThread: 拒绝访问。 (0x5)
[0119/223118.098:ERROR:process_reader_win.cc(151)] SuspendThread: 拒绝访问。 (0x5)
[0119/223118.098:ERROR:process_reader_win.cc(151)] SuspendThread: 拒绝访问。 (0x5)
[0119/223118.098:ERROR:process_reader_win.cc(151)] SuspendThread: 拒绝访问。 (0x5)
[0119/223118.098:ERROR:process_reader_win.cc(151)] SuspendThread: 拒绝访问。 (0x5)
[0119/223118.098:ERROR:process_reader_win.cc(151)] SuspendThread: 拒绝访问。 (0x5)
[0119/223118.098:ERROR:process_reader_win.cc(151)] SuspendThread: 拒绝访问。 (0x5)
[0119/223118.098:ERROR:process_reader_win.cc(151)] SuspendThread: 拒绝访问。 (0x5)
[0119/223118.098:ERROR:process_reader_win.cc(151)] SuspendThread: 拒绝访问。 (0x5)
[0119/223118.098:ERROR:process_reader_win.cc(151)] SuspendThread: 拒绝访问。 (0x5)
[0119/223118.098:ERROR:process_reader_win.cc(151)] SuspendThread: 拒绝访问。 (0x5)
[0119/223118.098:ERROR:process_reader_win.cc(151)] SuspendThread: 拒绝访问。 (0x5)
[0119/223118.098:ERROR:process_reader_win.cc(151)] SuspendThread: 拒绝访问。 (0x5)
[0119/223118.098:ERROR:process_reader_win.cc(151)] SuspendThread: 拒绝访问。 (0x5)
[0119/223118.098:ERROR:process_reader_win.cc(151)] SuspendThread: 拒绝访问。 (0x5)
[0119/223118.098:ERROR:process_reader_win.cc(151)] SuspendThread: 拒绝访问。 (0x5)
[0119/223118.098:ERROR:process_reader_win.cc(151)] SuspendThread: 拒绝访问。 (0x5)
[0119/223118.098:ERROR:process_reader_win.cc(151)] SuspendThread: 拒绝访问。 (0x5)
[0119/223118.098:ERROR:process_reader_win.cc(151)] SuspendThread: 拒绝访问。 (0x5)
[0119/223118.098:ERROR:process_reader_win.cc(151)] SuspendThread: 拒绝访问。 (0x5)
[0119/223118.098:ERROR:process_reader_win.cc(151)] SuspendThread: 拒绝访问。 (0x5)
[0119/223118.098:ERROR:process_reader_win.cc(151)] SuspendThread: 拒绝访问。 (0x5)
[0119/223118.098:ERROR:process_reader_win.cc(151)] SuspendThread: 拒绝访问。 (0x5)
[0119/223118.098:ERROR:process_reader_win.cc(151)] SuspendThread: 拒绝访问。 (0x5)
[0119/223118.098:ERROR:process_reader_win.cc(151)] SuspendThread: 拒绝访问。 (0x5)
[0119/223118.098:ERROR:process_reader_win.cc(151)] SuspendThread: 拒绝访问。 (0x5)
[0119/223118.098:ERROR:process_reader_win.cc(151)] SuspendThread: 拒绝访问。 (0x5)
[0119/223118.098:ERROR:process_reader_win.cc(151)] SuspendThread: 拒绝访问。 (0x5)
[0119/223118.098:ERROR:process_reader_win.cc(151)] SuspendThread: 拒绝访问。 (0x5)
[0119/223118.098:ERROR:process_reader_win.cc(151)] SuspendThread: 拒绝访问。 (0x5)
[0119/223118.098:ERROR:process_reader_win.cc(151)] SuspendThread: 拒绝访问。 (0x5)
[0119/223118.098:ERROR:process_reader_win.cc(151)] SuspendThread: 拒绝访问。 (0x5)
[0119/223118.098:ERROR:process_reader_win.cc(151)] SuspendThread: 拒绝访问。 (0x5)
[0119/223118.098:ERROR:process_reader_win.cc(151)] SuspendThread: 拒绝访问。 (0x5)
[0119/223118.098:ERROR:process_reader_win.cc(151)] SuspendThread: 拒绝访问。 (0x5)
[0119/223118.098:ERROR:process_reader_win.cc(151)] SuspendThread: 拒绝访问。 (0x5)
[0119/223118.098:ERROR:process_reader_win.cc(151)] SuspendThread: 拒绝访问。 (0x5)
[0119/223118.098:ERROR:process_reader_win.cc(151)] SuspendThread: 拒绝访问。 (0x5)
[0119/223118.098:ERROR:process_reader_win.cc(151)] SuspendThread: 拒绝访问。 (0x5)
[0119/223118.098:ERROR:process_reader_win.cc(151)] SuspendThread: 拒绝访问。 (0x5)
[0119/223118.099:ERROR:process_reader_win.cc(151)] SuspendThread: 拒绝访问。 (0x5)
[0119/223118.099:ERROR:process_reader_win.cc(151)] SuspendThread: 拒绝访问。 (0x5)
[0119/223118.099:ERROR:process_reader_win.cc(151)] SuspendThread: 拒绝访问。 (0x5)
[0119/223118.099:ERROR:process_reader_win.cc(151)] SuspendThread: 拒绝访问。 (0x5)
[0119/223118.099:ERROR:process_reader_win.cc(151)] SuspendThread: 拒绝访问。 (0x5)
[0119/223118.099:ERROR:process_reader_win.cc(151)] SuspendThread: 拒绝访问。 (0x5)
[0119/223118.099:ERROR:process_reader_win.cc(151)] SuspendThread: 拒绝访问。 (0x5)
[0119/223118.099:ERROR:process_reader_win.cc(151)] SuspendThread: 拒绝访问。 (0x5)
[0119/223118.099:ERROR:process_reader_win.cc(151)] SuspendThread: 拒绝访问。 (0x5)
[0119/223118.099:ERROR:process_reader_win.cc(151)] SuspendThread: 拒绝访问。 (0x5)
[0119/223118.099:ERROR:process_reader_win.cc(151)] SuspendThread: 拒绝访问。 (0x5)
[0119/223118.099:ERROR:process_reader_win.cc(151)] SuspendThread: 拒绝访问。 (0x5)
[0119/223118.099:ERROR:process_reader_win.cc(151)] SuspendThread: 拒绝访问。 (0x5)
[0119/223118.099:ERROR:process_reader_win.cc(151)] SuspendThread: 拒绝访问。 (0x5)
[0119/223118.099:ERROR:process_reader_win.cc(151)] SuspendThread: 拒绝访问。 (0x5)
[0119/223118.099:ERROR:process_reader_win.cc(151)] SuspendThread: 拒绝访问。 (0x5)
[0119/223118.100:ERROR:process_reader_win.cc(151)] SuspendThread: 拒绝访问。 (0x5)
[0119/223118.099:ERROR:process_reader_win.cc(151)] SuspendThread: 拒绝访问。 (0x5)
[0119/223118.101:ERROR:process_reader_win.cc(151)] SuspendThread: 拒绝访问。 (0x5)
[0119/223118.101:ERROR:process_reader_win.cc(151)] SuspendThread: 拒绝访问。 (0x5)
[0119/223118.101:ERROR:process_reader_win.cc(151)] SuspendThread: 拒绝访问。 (0x5)
[0119/223118.101:ERROR:process_reader_win.cc(151)] SuspendThread: 拒绝访问。 (0x5)
[0119/223118.101:ERROR:process_reader_win.cc(151)] SuspendThread: 拒绝访问。 (0x5)
[0119/223118.101:ERROR:process_reader_win.cc(151)] SuspendThread: 拒绝访问。 (0x5)
[0119/223118.100:ERROR:process_reader_win.cc(123)] NtOpenThread: 指定无效的客户端 ID。 (0xc000000b)
[0119/223118.106:ERROR:process_reader_win.cc(123)] NtOpenThread: {无法访问} 过程已请求访问一对象，但未给访问权限。 (0xc0000022)
[0119/223118.106:ERROR:exception_snapshot_win.cc(98)] thread ID 38636 not found in process
[0119/223118.101:ERROR:process_reader_win.cc(123)] NtOpenThread: {无法访问} 过程已请求访问一对象，但未给访问权限。 (0xc0000022)
[0119/223118.107:ERROR:exception_snapshot_win.cc(98)] thread ID 24544 not found in process
[0119/223118.111:ERROR:process_reader_win.cc(151)] SuspendThread: 拒绝访问。 (0x5)
[0119/223118.111:ERROR:process_reader_win.cc(151)] SuspendThread: 拒绝访问。 (0x5)
[0119/223118.111:ERROR:process_reader_win.cc(151)] SuspendThread: 拒绝访问。 (0x5)
[0119/223118.111:ERROR:process_reader_win.cc(151)] SuspendThread: 拒绝访问。 (0x5)
[0119/223118.111:ERROR:process_reader_win.cc(151)] SuspendThread: 拒绝访问。 (0x5)
[0119/223118.111:ERROR:process_reader_win.cc(151)] SuspendThread: 拒绝访问。 (0x5)
[0119/223118.111:ERROR:process_reader_win.cc(151)] SuspendThread: 拒绝访问。 (0x5)
[0119/223118.111:ERROR:process_reader_win.cc(151)] SuspendThread: 拒绝访问。 (0x5)
[0119/223118.111:ERROR:process_reader_win.cc(151)] SuspendThread: 拒绝访问。 (0x5)
[0119/223118.111:ERROR:process_reader_win.cc(151)] SuspendThread: 拒绝访问。 (0x5)
[0119/223118.111:ERROR:process_reader_win.cc(151)] SuspendThread: 拒绝访问。 (0x5)
[0119/223118.111:ERROR:process_reader_win.cc(151)] SuspendThread: 拒绝访问。 (0x5)
[0119/223118.111:ERROR:process_reader_win.cc(151)] SuspendThread: 拒绝访问。 (0x5)
[0119/223118.111:ERROR:process_reader_win.cc(151)] SuspendThread: 拒绝访问。 (0x5)
[0119/223118.111:ERROR:process_reader_win.cc(151)] SuspendThread: 拒绝访问。 (0x5)
[0119/223118.111:ERROR:process_reader_win.cc(151)] SuspendThread: 拒绝访问。 (0x5)
[0119/223118.111:ERROR:process_reader_win.cc(151)] SuspendThread: 拒绝访问。 (0x5)
[0119/223118.111:ERROR:process_reader_win.cc(151)] SuspendThread: 拒绝访问。 (0x5)
[0119/223118.111:ERROR:process_reader_win.cc(151)] SuspendThread: 拒绝访问。 (0x5)
[0119/223118.111:ERROR:process_reader_win.cc(151)] SuspendThread: 拒绝访问。 (0x5)
[0119/223118.111:ERROR:process_reader_win.cc(151)] SuspendThread: 拒绝访问。 (0x5)
[0119/223118.112:ERROR:process_reader_win.cc(151)] SuspendThread: 拒绝访问。 (0x5)
[0119/223118.112:ERROR:process_reader_win.cc(151)] SuspendThread: 拒绝访问。 (0x5)
[0119/223118.111:ERROR:process_reader_win.cc(151)] SuspendThread: 拒绝访问。 (0x5)
[0119/223118.112:ERROR:process_reader_win.cc(151)] SuspendThread: 拒绝访问。 (0x5)
[0119/223118.112:ERROR:process_reader_win.cc(151)] SuspendThread: 拒绝访问。 (0x5)
[0119/223118.112:ERROR:process_reader_win.cc(151)] SuspendThread: 拒绝访问。 (0x5)
[0119/223118.112:ERROR:process_reader_win.cc(151)] SuspendThread: 拒绝访问。 (0x5)
[0119/223118.112:ERROR:process_reader_win.cc(151)] SuspendThread: 拒绝访问。 (0x5)
[0119/223118.112:ERROR:process_reader_win.cc(151)] SuspendThread: 拒绝访问。 (0x5)
[0119/223118.112:ERROR:process_reader_win.cc(151)] SuspendThread: 拒绝访问。 (0x5)
[0119/223118.112:ERROR:process_reader_win.cc(151)] SuspendThread: 拒绝访问。 (0x5)
[0119/223118.112:ERROR:process_reader_win.cc(151)] SuspendThread: 拒绝访问。 (0x5)
[0119/223118.112:ERROR:process_reader_win.cc(151)] SuspendThread: 拒绝访问。 (0x5)
[0119/223118.112:ERROR:process_reader_win.cc(151)] SuspendThread: 拒绝访问。 (0x5)
[0119/223118.112:ERROR:process_reader_win.cc(151)] SuspendThread: 拒绝访问。 (0x5)
[0119/223118.112:ERROR:process_reader_win.cc(151)] SuspendThread: 拒绝访问。 (0x5)
[0119/223118.112:ERROR:process_reader_win.cc(151)] SuspendThread: 拒绝访问。 (0x5)
[0119/223118.112:ERROR:process_reader_win.cc(151)] SuspendThread: 拒绝访问。 (0x5)
[0119/223118.112:ERROR:process_reader_win.cc(151)] SuspendThread: 拒绝访问。 (0x5)
[0119/223118.112:ERROR:process_reader_win.cc(151)] SuspendThread: 拒绝访问。 (0x5)
[0119/223118.112:ERROR:process_reader_win.cc(151)] SuspendThread: 拒绝访问。 (0x5)
[0119/223118.112:ERROR:process_reader_win.cc(151)] SuspendThread: 拒绝访问。 (0x5)
[0119/223118.112:ERROR:process_reader_win.cc(151)] SuspendThread: 拒绝访问。 (0x5)
[0119/223118.112:ERROR:process_reader_win.cc(151)] SuspendThread: 拒绝访问。 (0x5)
[0119/223118.112:ERROR:process_reader_win.cc(151)] SuspendThread: 拒绝访问。 (0x5)
[0119/223118.112:ERROR:process_reader_win.cc(151)] SuspendThread: 拒绝访问。 (0x5)
[0119/223118.112:ERROR:process_reader_win.cc(151)] SuspendThread: 拒绝访问。 (0x5)
[0119/223118.112:ERROR:process_reader_win.cc(151)] SuspendThread: 拒绝访问。 (0x5)
[0119/223118.112:ERROR:process_reader_win.cc(151)] SuspendThread: 拒绝访问。 (0x5)
[0119/223118.112:ERROR:process_reader_win.cc(151)] SuspendThread: 拒绝访问。 (0x5)
[0119/223118.112:ERROR:process_reader_win.cc(151)] SuspendThread: 拒绝访问。 (0x5)
[0119/223118.112:ERROR:process_reader_win.cc(151)] SuspendThread: 拒绝访问。 (0x5)
[0119/223118.112:ERROR:process_reader_win.cc(151)] SuspendThread: 拒绝访问。 (0x5)
[0119/223118.112:ERROR:process_reader_win.cc(151)] SuspendThread: 拒绝访问。 (0x5)
[0119/223118.112:ERROR:process_reader_win.cc(151)] SuspendThread: 拒绝访问。 (0x5)
[0119/223118.112:ERROR:process_reader_win.cc(151)] SuspendThread: 拒绝访问。 (0x5)
[0119/223118.112:ERROR:process_reader_win.cc(151)] SuspendThread: 拒绝访问。 (0x5)
[0119/223118.112:ERROR:process_reader_win.cc(151)] SuspendThread: 拒绝访问。 (0x5)
[0119/223118.112:ERROR:process_reader_win.cc(151)] SuspendThread: 拒绝访问。 (0x5)
[0119/223118.112:ERROR:process_reader_win.cc(151)] SuspendThread: 拒绝访问。 (0x5)
[0119/223118.112:ERROR:process_reader_win.cc(151)] SuspendThread: 拒绝访问。 (0x5)
[0119/223118.112:ERROR:process_reader_win.cc(151)] SuspendThread: 拒绝访问。 (0x5)
[0119/223118.112:ERROR:process_reader_win.cc(151)] SuspendThread: 拒绝访问。 (0x5)
[0119/223118.112:ERROR:process_reader_win.cc(151)] SuspendThread: 拒绝访问。 (0x5)
[0119/223118.112:ERROR:process_reader_win.cc(151)] SuspendThread: 拒绝访问。 (0x5)
[0119/223118.112:ERROR:process_reader_win.cc(151)] SuspendThread: 拒绝访问。 (0x5)
[0119/223118.112:ERROR:process_reader_win.cc(151)] SuspendThread: 拒绝访问。 (0x5)
[0119/223118.112:ERROR:process_reader_win.cc(151)] SuspendThread: 拒绝访问。 (0x5)
[0119/223118.112:ERROR:process_reader_win.cc(151)] SuspendThread: 拒绝访问。 (0x5)
[0119/223118.112:ERROR:process_reader_win.cc(151)] SuspendThread: 拒绝访问。 (0x5)
[0119/223118.112:ERROR:process_reader_win.cc(151)] SuspendThread: 拒绝访问。 (0x5)
[0119/223118.112:ERROR:process_reader_win.cc(151)] SuspendThread: 拒绝访问。 (0x5)
[0119/223118.112:ERROR:process_reader_win.cc(151)] SuspendThread: 拒绝访问。 (0x5)
[0119/223118.112:ERROR:process_reader_win.cc(151)] SuspendThread: 拒绝访问。 (0x5)
[0119/223118.112:ERROR:process_reader_win.cc(151)] SuspendThread: 拒绝访问。 (0x5)
[0119/223118.112:ERROR:process_reader_win.cc(151)] SuspendThread: 拒绝访问。 (0x5)
[0119/223118.112:ERROR:process_reader_win.cc(151)] SuspendThread: 拒绝访问。 (0x5)
[0119/223118.112:ERROR:process_reader_win.cc(151)] SuspendThread: 拒绝访问。 (0x5)
[0119/223118.113:ERROR:process_reader_win.cc(151)] SuspendThread: 拒绝访问。 (0x5)
[0119/223118.113:ERROR:process_reader_win.cc(151)] SuspendThread: 拒绝访问。 (0x5)
[0119/223118.113:ERROR:process_reader_win.cc(151)] SuspendThread: 拒绝访问。 (0x5)
[0119/223118.113:ERROR:process_reader_win.cc(151)] SuspendThread: 拒绝访问。 (0x5)
[0119/223118.113:ERROR:process_reader_win.cc(151)] SuspendThread: 拒绝访问。 (0x5)
[0119/223118.113:ERROR:process_reader_win.cc(151)] SuspendThread: 拒绝访问。 (0x5)
[0119/223118.113:ERROR:process_reader_win.cc(151)] SuspendThread: 拒绝访问。 (0x5)
[0119/223118.112:ERROR:process_reader_win.cc(123)] NtOpenThread: 指定无效的客户端 ID。 (0xc000000b)
[0119/223118.113:ERROR:process_reader_win.cc(123)] NtOpenThread: 指定无效的客户端 ID。 (0xc000000b)
[0119/223118.113:ERROR:process_reader_win.cc(151)] SuspendThread: 拒绝访问。 (0x5)
[0119/223118.113:ERROR:process_reader_win.cc(151)] SuspendThread: 拒绝访问。 (0x5)
[0119/223118.113:ERROR:process_reader_win.cc(123)] NtOpenThread: {无法访问} 过程已请求访问一对象，但未给访问权限。 (0xc0000022)
[0119/223118.113:ERROR:process_reader_win.cc(123)] NtOpenThread: {无法访问} 过程已请求访问一对象，但未给访问权限。 (0xc0000022)
[0119/223118.113:ERROR:exception_snapshot_win.cc(98)] thread ID 2676 not found in process
[0119/223118.113:ERROR:exception_snapshot_win.cc(98)] thread ID 5828 not found in process
[0119/223118.114:ERROR:process_reader_win.cc(151)] SuspendThread: 拒绝访问。 (0x5)
[0119/223118.114:ERROR:process_reader_win.cc(151)] SuspendThread: 拒绝访问。 (0x5)
[0119/223118.114:ERROR:process_reader_win.cc(151)] SuspendThread: 拒绝访问。 (0x5)
[0119/223118.114:ERROR:process_reader_win.cc(151)] SuspendThread: 拒绝访问。 (0x5)
[0119/223118.114:ERROR:process_reader_win.cc(151)] SuspendThread: 拒绝访问。 (0x5)
[0119/223118.114:ERROR:process_reader_win.cc(151)] SuspendThread: 拒绝访问。 (0x5)
[0119/223118.114:ERROR:process_reader_win.cc(151)] SuspendThread: 拒绝访问。 (0x5)
[0119/223118.114:ERROR:process_reader_win.cc(151)] SuspendThread: 拒绝访问。 (0x5)
[0119/223118.114:ERROR:process_reader_win.cc(151)] SuspendThread: 拒绝访问。 (0x5)
[0119/223118.114:ERROR:process_reader_win.cc(151)] SuspendThread: 拒绝访问。 (0x5)
[0119/223118.114:ERROR:process_reader_win.cc(151)] SuspendThread: 拒绝访问。 (0x5)
[0119/223118.114:ERROR:process_reader_win.cc(151)] SuspendThread: 拒绝访问。 (0x5)
[0119/223118.114:ERROR:process_reader_win.cc(151)] SuspendThread: 拒绝访问。 (0x5)
[0119/223118.114:ERROR:process_reader_win.cc(151)] SuspendThread: 拒绝访问。 (0x5)
[0119/223118.114:ERROR:process_reader_win.cc(151)] SuspendThread: 拒绝访问。 (0x5)
[0119/223118.114:ERROR:process_reader_win.cc(151)] SuspendThread: 拒绝访问。 (0x5)
[0119/223118.114:ERROR:process_reader_win.cc(151)] SuspendThread: 拒绝访问。 (0x5)
[0119/223118.114:ERROR:process_reader_win.cc(151)] SuspendThread: 拒绝访问。 (0x5)
[0119/223118.115:ERROR:process_reader_win.cc(151)] SuspendThread: 拒绝访问。 (0x5)
[0119/223118.115:ERROR:process_reader_win.cc(151)] SuspendThread: 拒绝访问。 (0x5)
[0119/223118.115:ERROR:process_reader_win.cc(151)] SuspendThread: 拒绝访问。 (0x5)
[0119/223118.115:ERROR:process_reader_win.cc(151)] SuspendThread: 拒绝访问。 (0x5)
[0119/223118.115:ERROR:process_reader_win.cc(151)] SuspendThread: 拒绝访问。 (0x5)
[0119/223118.115:ERROR:process_reader_win.cc(151)] SuspendThread: 拒绝访问。 (0x5)
[0119/223118.115:ERROR:process_reader_win.cc(151)] SuspendThread: 拒绝访问。 (0x5)
[0119/223118.115:ERROR:process_reader_win.cc(151)] SuspendThread: 拒绝访问。 (0x5)
[0119/223118.115:ERROR:process_reader_win.cc(151)] SuspendThread: 拒绝访问。 (0x5)
[0119/223118.115:ERROR:process_reader_win.cc(151)] SuspendThread: 拒绝访问。 (0x5)
[0119/223118.115:ERROR:process_reader_win.cc(151)] SuspendThread: 拒绝访问。 (0x5)
[0119/223118.115:ERROR:process_reader_win.cc(151)] SuspendThread: 拒绝访问。 (0x5)
[0119/223118.115:ERROR:process_reader_win.cc(151)] SuspendThread: 拒绝访问。 (0x5)
[0119/223118.115:ERROR:process_reader_win.cc(151)] SuspendThread: 拒绝访问。 (0x5)
[0119/223118.115:ERROR:process_reader_win.cc(151)] SuspendThread: 拒绝访问。 (0x5)
[0119/223118.115:ERROR:process_reader_win.cc(151)] SuspendThread: 拒绝访问。 (0x5)
[0119/223118.115:ERROR:process_reader_win.cc(151)] SuspendThread: 拒绝访问。 (0x5)
[0119/223118.115:ERROR:process_reader_win.cc(151)] SuspendThread: 拒绝访问。 (0x5)
[0119/223118.115:ERROR:process_reader_win.cc(151)] SuspendThread: 拒绝访问。 (0x5)
[0119/223118.115:ERROR:process_reader_win.cc(151)] SuspendThread: 拒绝访问。 (0x5)
[0119/223118.115:ERROR:process_reader_win.cc(151)] SuspendThread: 拒绝访问。 (0x5)
[0119/223118.115:ERROR:process_reader_win.cc(151)] SuspendThread: 拒绝访问。 (0x5)
[0119/223118.115:ERROR:process_reader_win.cc(151)] SuspendThread: 拒绝访问。 (0x5)
[0119/223118.115:ERROR:process_reader_win.cc(151)] SuspendThread: 拒绝访问。 (0x5)
[0119/223118.115:ERROR:process_reader_win.cc(151)] SuspendThread: 拒绝访问。 (0x5)
[0119/223118.115:ERROR:process_reader_win.cc(151)] SuspendThread: 拒绝访问。 (0x5)
[0119/223118.115:ERROR:process_reader_win.cc(151)] SuspendThread: 拒绝访问。 (0x5)
[0119/223118.115:ERROR:process_reader_win.cc(151)] SuspendThread: 拒绝访问。 (0x5)
[0119/223118.115:ERROR:process_reader_win.cc(151)] SuspendThread: 拒绝访问。 (0x5)
[0119/223118.115:ERROR:process_reader_win.cc(151)] SuspendThread: 拒绝访问。 (0x5)
[0119/223118.115:ERROR:process_reader_win.cc(151)] SuspendThread: 拒绝访问。 (0x5)
[0119/223118.115:ERROR:process_reader_win.cc(151)] SuspendThread: 拒绝访问。 (0x5)
[0119/223118.115:ERROR:process_reader_win.cc(151)] SuspendThread: 拒绝访问。 (0x5)
[0119/223118.115:ERROR:process_reader_win.cc(151)] SuspendThread: 拒绝访问。 (0x5)
[0119/223118.115:ERROR:process_reader_win.cc(151)] SuspendThread: 拒绝访问。 (0x5)
[0119/223118.115:ERROR:process_reader_win.cc(151)] SuspendThread: 拒绝访问。 (0x5)
[0119/223118.115:ERROR:process_reader_win.cc(151)] SuspendThread: 拒绝访问。 (0x5)
[0119/223118.115:ERROR:process_reader_win.cc(151)] SuspendThread: 拒绝访问。 (0x5)
[0119/223118.115:ERROR:process_reader_win.cc(151)] SuspendThread: 拒绝访问。 (0x5)
[0119/223118.115:ERROR:process_reader_win.cc(151)] SuspendThread: 拒绝访问。 (0x5)
[0119/223118.115:ERROR:process_reader_win.cc(151)] SuspendThread: 拒绝访问。 (0x5)
[0119/223118.115:ERROR:process_reader_win.cc(151)] SuspendThread: 拒绝访问。 (0x5)
[0119/223118.115:ERROR:process_reader_win.cc(151)] SuspendThread: 拒绝访问。 (0x5)
[0119/223118.115:ERROR:process_reader_win.cc(151)] SuspendThread: 拒绝访问。 (0x5)
[0119/223118.115:ERROR:process_reader_win.cc(151)] SuspendThread: 拒绝访问。 (0x5)
[0119/223118.115:ERROR:process_reader_win.cc(151)] SuspendThread: 拒绝访问。 (0x5)
[0119/223118.115:ERROR:process_reader_win.cc(151)] SuspendThread: 拒绝访问。 (0x5)
[0119/223118.115:ERROR:process_reader_win.cc(151)] SuspendThread: 拒绝访问。 (0x5)
[0119/223118.115:ERROR:process_reader_win.cc(151)] SuspendThread: 拒绝访问。 (0x5)
[0119/223118.115:ERROR:process_reader_win.cc(151)] SuspendThread: 拒绝访问。 (0x5)
[0119/223118.115:ERROR:process_reader_win.cc(151)] SuspendThread: 拒绝访问。 (0x5)
[0119/223118.115:ERROR:process_reader_win.cc(151)] SuspendThread: 拒绝访问。 (0x5)
[0119/223118.115:ERROR:process_reader_win.cc(151)] SuspendThread: 拒绝访问。 (0x5)
[0119/223118.115:ERROR:process_reader_win.cc(151)] SuspendThread: 拒绝访问。 (0x5)
[0119/223118.115:ERROR:process_reader_win.cc(151)] SuspendThread: 拒绝访问。 (0x5)
[0119/223118.115:ERROR:process_reader_win.cc(151)] SuspendThread: 拒绝访问。 (0x5)
[0119/223118.115:ERROR:process_reader_win.cc(151)] SuspendThread: 拒绝访问。 (0x5)
[0119/223118.115:ERROR:process_reader_win.cc(151)] SuspendThread: 拒绝访问。 (0x5)
[0119/223118.115:ERROR:process_reader_win.cc(151)] SuspendThread: 拒绝访问。 (0x5)
[0119/223118.115:ERROR:process_reader_win.cc(151)] SuspendThread: 拒绝访问。 (0x5)
[0119/223118.115:ERROR:process_reader_win.cc(151)] SuspendThread: 拒绝访问。 (0x5)
[0119/223118.115:ERROR:process_reader_win.cc(151)] SuspendThread: 拒绝访问。 (0x5)
[0119/223118.115:ERROR:process_reader_win.cc(151)] SuspendThread: 拒绝访问。 (0x5)
[0119/223118.116:ERROR:process_reader_win.cc(151)] SuspendThread: 拒绝访问。 (0x5)
[0119/223118.116:ERROR:process_reader_win.cc(151)] SuspendThread: 拒绝访问。 (0x5)
[0119/223118.116:ERROR:process_reader_win.cc(151)] SuspendThread: 拒绝访问。 (0x5)
[0119/223118.116:ERROR:process_reader_win.cc(151)] SuspendThread: 拒绝访问。 (0x5)
[0119/223118.116:ERROR:process_reader_win.cc(151)] SuspendThread: 拒绝访问。 (0x5)
[0119/223118.116:ERROR:process_reader_win.cc(151)] SuspendThread: 拒绝访问。 (0x5)
[0119/223118.116:ERROR:process_reader_win.cc(151)] SuspendThread: 拒绝访问。 (0x5)
[0119/223118.115:ERROR:process_reader_win.cc(123)] NtOpenThread: 指定无效的客户端 ID。 (0xc000000b)
[0119/223118.116:ERROR:process_reader_win.cc(151)] SuspendThread: 拒绝访问。 (0x5)
[0119/223118.116:ERROR:process_reader_win.cc(151)] SuspendThread: 拒绝访问。 (0x5)
[0119/223118.116:ERROR:process_reader_win.cc(151)] SuspendThread: 拒绝访问。 (0x5)
[0119/223118.116:ERROR:process_reader_win.cc(151)] SuspendThread: 拒绝访问。 (0x5)
[0119/223118.116:ERROR:process_reader_win.cc(151)] SuspendThread: 拒绝访问。 (0x5)
[0119/223118.116:ERROR:process_reader_win.cc(151)] SuspendThread: 拒绝访问。 (0x5)
[0119/223118.116:ERROR:process_reader_win.cc(123)] NtOpenThread: {无法访问} 过程已请求访问一对象，但未给访问权限。 (0xc0000022)
[0119/223118.116:ERROR:process_reader_win.cc(151)] SuspendThread: 拒绝访问。 (0x5)
[0119/223118.116:ERROR:exception_snapshot_win.cc(98)] thread ID 38840 not found in process
[0119/223118.116:ERROR:process_reader_win.cc(151)] SuspendThread: 拒绝访问。 (0x5)
[0119/223118.115:ERROR:process_reader_win.cc(123)] NtOpenThread: 指定无效的客户端 ID。 (0xc000000b)
[0119/223118.116:ERROR:process_reader_win.cc(151)] SuspendThread: 拒绝访问。 (0x5)
[0119/223118.116:ERROR:process_reader_win.cc(123)] NtOpenThread: {无法访问} 过程已请求访问一对象，但未给访问权限。 (0xc0000022)
[0119/223118.116:ERROR:exception_snapshot_win.cc(98)] thread ID 15852 not found in process
[0119/223118.116:ERROR:process_reader_win.cc(123)] NtOpenThread: 指定无效的客户端 ID。 (0xc000000b)
[0119/223118.117:ERROR:process_reader_win.cc(151)] SuspendThread: 拒绝访问。 (0x5)
[0119/223118.117:ERROR:process_reader_win.cc(123)] NtOpenThread: {无法访问} 过程已请求访问一对象，但未给访问权限。 (0xc0000022)
[0119/223118.117:ERROR:process_reader_win.cc(151)] SuspendThread: 拒绝访问。 (0x5)
[0119/223118.117:ERROR:exception_snapshot_win.cc(98)] thread ID 37232 not found in process
[0119/223118.117:ERROR:process_reader_win.cc(151)] SuspendThread: 拒绝访问。 (0x5)
[0119/223118.117:ERROR:process_reader_win.cc(151)] SuspendThread: 拒绝访问。 (0x5)
[0119/223118.117:ERROR:process_reader_win.cc(151)] SuspendThread: 拒绝访问。 (0x5)
[0119/223118.114:ERROR:process_reader_win.cc(123)] NtOpenThread: 指定无效的客户端 ID。 (0xc000000b)
[0119/223118.117:ERROR:process_reader_win.cc(151)] SuspendThread: 拒绝访问。 (0x5)
[0119/223118.117:ERROR:process_reader_win.cc(151)] SuspendThread: 拒绝访问。 (0x5)
[0119/223118.117:ERROR:process_reader_win.cc(151)] SuspendThread: 拒绝访问。 (0x5)
[0119/223118.117:ERROR:process_reader_win.cc(151)] SuspendThread: 拒绝访问。 (0x5)
[0119/223118.117:ERROR:process_reader_win.cc(151)] SuspendThread: 拒绝访问。 (0x5)
[0119/223118.117:ERROR:process_reader_win.cc(151)] SuspendThread: 拒绝访问。 (0x5)
[0119/223118.117:ERROR:process_reader_win.cc(151)] SuspendThread: 拒绝访问。 (0x5)
[0119/223118.117:ERROR:process_reader_win.cc(151)] SuspendThread: 拒绝访问。 (0x5)
[0119/223118.117:ERROR:process_reader_win.cc(151)] SuspendThread: 拒绝访问。 (0x5)
[0119/223118.117:ERROR:process_reader_win.cc(151)] SuspendThread: 拒绝访问。 (0x5)
[0119/223118.117:ERROR:process_reader_win.cc(151)] SuspendThread: 拒绝访问。 (0x5)
[0119/223118.117:ERROR:process_reader_win.cc(151)] SuspendThread: 拒绝访问。 (0x5)
[0119/223118.117:ERROR:process_reader_win.cc(123)] NtOpenThread: {无法访问} 过程已请求访问一对象，但未给访问权限。 (0xc0000022)
[0119/223118.117:ERROR:exception_snapshot_win.cc(98)] thread ID 22156 not found in process
[0119/223118.117:ERROR:process_reader_win.cc(151)] SuspendThread: 拒绝访问。 (0x5)
[0119/223118.117:ERROR:process_reader_win.cc(151)] SuspendThread: 拒绝访问。 (0x5)
[0119/223118.117:ERROR:process_reader_win.cc(151)] SuspendThread: 拒绝访问。 (0x5)
[0119/223118.117:ERROR:process_reader_win.cc(151)] SuspendThread: 拒绝访问。 (0x5)
[0119/223118.117:ERROR:process_reader_win.cc(151)] SuspendThread: 拒绝访问。 (0x5)
[0119/223118.117:ERROR:process_reader_win.cc(151)] SuspendThread: 拒绝访问。 (0x5)
[0119/223118.117:ERROR:process_reader_win.cc(151)] SuspendThread: 拒绝访问。 (0x5)
[0119/223118.117:ERROR:process_reader_win.cc(151)] SuspendThread: 拒绝访问。 (0x5)
[0119/223118.117:ERROR:process_reader_win.cc(151)] SuspendThread: 拒绝访问。 (0x5)
[0119/223118.117:ERROR:process_reader_win.cc(151)] SuspendThread: 拒绝访问。 (0x5)
[0119/223118.117:ERROR:process_reader_win.cc(151)] SuspendThread: 拒绝访问。 (0x5)
[0119/223118.117:ERROR:process_reader_win.cc(151)] SuspendThread: 拒绝访问。 (0x5)
[0119/223118.118:ERROR:process_reader_win.cc(151)] SuspendThread: 拒绝访问。 (0x5)
[0119/223118.118:ERROR:process_reader_win.cc(151)] SuspendThread: 拒绝访问。 (0x5)
[0119/223118.118:ERROR:process_reader_win.cc(151)] SuspendThread: 拒绝访问。 (0x5)
[0119/223118.118:ERROR:process_reader_win.cc(151)] SuspendThread: 拒绝访问。 (0x5)
[0119/223118.118:ERROR:process_reader_win.cc(151)] SuspendThread: 拒绝访问。 (0x5)
[0119/223118.118:ERROR:process_reader_win.cc(151)] SuspendThread: 拒绝访问。 (0x5)
[0119/223118.118:ERROR:process_reader_win.cc(151)] SuspendThread: 拒绝访问。 (0x5)
[0119/223118.118:ERROR:process_reader_win.cc(151)] SuspendThread: 拒绝访问。 (0x5)
[0119/223118.118:ERROR:process_reader_win.cc(151)] SuspendThread: 拒绝访问。 (0x5)
[0119/223118.118:ERROR:process_reader_win.cc(151)] SuspendThread: 拒绝访问。 (0x5)
[0119/223118.118:ERROR:process_reader_win.cc(151)] SuspendThread: 拒绝访问。 (0x5)
[0119/223118.118:ERROR:process_reader_win.cc(151)] SuspendThread: 拒绝访问。 (0x5)
[0119/223118.118:ERROR:process_reader_win.cc(151)] SuspendThread: 拒绝访问。 (0x5)
[0119/223118.118:ERROR:process_reader_win.cc(151)] SuspendThread: 拒绝访问。 (0x5)
[0119/223118.118:ERROR:process_reader_win.cc(151)] SuspendThread: 拒绝访问。 (0x5)
[0119/223118.118:ERROR:process_reader_win.cc(151)] SuspendThread: 拒绝访问。 (0x5)
[0119/223118.118:ERROR:process_reader_win.cc(151)] SuspendThread: 拒绝访问。 (0x5)
[0119/223118.118:ERROR:process_reader_win.cc(151)] SuspendThread: 拒绝访问。 (0x5)
[0119/223118.118:ERROR:process_reader_win.cc(151)] SuspendThread: 拒绝访问。 (0x5)
[0119/223118.118:ERROR:process_reader_win.cc(151)] SuspendThread: 拒绝访问。 (0x5)
[0119/223118.118:ERROR:process_reader_win.cc(151)] SuspendThread: 拒绝访问。 (0x5)
[0119/223118.118:ERROR:process_reader_win.cc(151)] SuspendThread: 拒绝访问。 (0x5)
[0119/223118.118:ERROR:process_reader_win.cc(151)] SuspendThread: 拒绝访问。 (0x5)
[0119/223118.118:ERROR:process_reader_win.cc(151)] SuspendThread: 拒绝访问。 (0x5)
[0119/223118.118:ERROR:process_reader_win.cc(151)] SuspendThread: 拒绝访问。 (0x5)
[0119/223118.118:ERROR:process_reader_win.cc(151)] SuspendThread: 拒绝访问。 (0x5)
[0119/223118.118:ERROR:process_reader_win.cc(151)] SuspendThread: 拒绝访问。 (0x5)
[0119/223118.118:ERROR:process_reader_win.cc(151)] SuspendThread: 拒绝访问。 (0x5)
[0119/223118.118:ERROR:process_reader_win.cc(151)] SuspendThread: 拒绝访问。 (0x5)
[0119/223118.118:ERROR:process_reader_win.cc(151)] SuspendThread: 拒绝访问。 (0x5)
[0119/223118.118:ERROR:process_reader_win.cc(151)] SuspendThread: 拒绝访问。 (0x5)
[0119/223118.118:ERROR:process_reader_win.cc(151)] SuspendThread: 拒绝访问。 (0x5)
[0119/223118.118:ERROR:process_reader_win.cc(151)] SuspendThread: 拒绝访问。 (0x5)
[0119/223118.118:ERROR:process_reader_win.cc(151)] SuspendThread: 拒绝访问。 (0x5)
[0119/223118.118:ERROR:process_reader_win.cc(151)] SuspendThread: 拒绝访问。 (0x5)
[0119/223118.118:ERROR:process_reader_win.cc(151)] SuspendThread: 拒绝访问。 (0x5)
[0119/223118.118:ERROR:process_reader_win.cc(151)] SuspendThread: 拒绝访问。 (0x5)
[0119/223118.118:ERROR:process_reader_win.cc(151)] SuspendThread: 拒绝访问。 (0x5)
[0119/223118.118:ERROR:process_reader_win.cc(151)] SuspendThread: 拒绝访问。 (0x5)
[0119/223118.118:ERROR:process_reader_win.cc(151)] SuspendThread: 拒绝访问。 (0x5)
[0119/223118.118:ERROR:process_reader_win.cc(151)] SuspendThread: 拒绝访问。 (0x5)
[0119/223118.118:ERROR:process_reader_win.cc(151)] SuspendThread: 拒绝访问。 (0x5)
[0119/223118.118:ERROR:process_reader_win.cc(151)] SuspendThread: 拒绝访问。 (0x5)
[0119/223118.118:ERROR:process_reader_win.cc(151)] SuspendThread: 拒绝访问。 (0x5)
[0119/223118.118:ERROR:process_reader_win.cc(151)] SuspendThread: 拒绝访问。 (0x5)
[0119/223118.118:ERROR:process_reader_win.cc(151)] SuspendThread: 拒绝访问。 (0x5)
[0119/223118.118:ERROR:process_reader_win.cc(151)] SuspendThread: 拒绝访问。 (0x5)
[0119/223118.118:ERROR:process_reader_win.cc(151)] SuspendThread: 拒绝访问。 (0x5)
[0119/223118.118:ERROR:process_reader_win.cc(151)] SuspendThread: 拒绝访问。 (0x5)
[0119/223118.118:ERROR:process_reader_win.cc(151)] SuspendThread: 拒绝访问。 (0x5)
[0119/223118.118:ERROR:process_reader_win.cc(151)] SuspendThread: 拒绝访问。 (0x5)
[0119/223118.118:ERROR:process_reader_win.cc(151)] SuspendThread: 拒绝访问。 (0x5)
[0119/223118.118:ERROR:process_reader_win.cc(151)] SuspendThread: 拒绝访问。 (0x5)
[0119/223118.118:ERROR:process_reader_win.cc(151)] SuspendThread: 拒绝访问。 (0x5)
[0119/223118.118:ERROR:process_reader_win.cc(151)] SuspendThread: 拒绝访问。 (0x5)
[0119/223118.118:ERROR:process_reader_win.cc(151)] SuspendThread: 拒绝访问。 (0x5)
[0119/223118.118:ERROR:process_reader_win.cc(151)] SuspendThread: 拒绝访问。 (0x5)
[0119/223118.118:ERROR:process_reader_win.cc(151)] SuspendThread: 拒绝访问。 (0x5)
[0119/223118.118:ERROR:process_reader_win.cc(151)] SuspendThread: 拒绝访问。 (0x5)
[0119/223118.118:ERROR:process_reader_win.cc(151)] SuspendThread: 拒绝访问。 (0x5)
[0119/223118.118:ERROR:process_reader_win.cc(151)] SuspendThread: 拒绝访问。 (0x5)
[0119/223118.118:ERROR:process_reader_win.cc(151)] SuspendThread: 拒绝访问。 (0x5)
[0119/223118.118:ERROR:process_reader_win.cc(151)] SuspendThread: 拒绝访问。 (0x5)
[0119/223118.118:ERROR:process_reader_win.cc(151)] SuspendThread: 拒绝访问。 (0x5)
[0119/223118.118:ERROR:process_reader_win.cc(151)] SuspendThread: 拒绝访问。 (0x5)
[0119/223118.118:ERROR:process_reader_win.cc(151)] SuspendThread: 拒绝访问。 (0x5)
[0119/223118.118:ERROR:process_reader_win.cc(151)] SuspendThread: 拒绝访问。 (0x5)
[0119/223118.118:ERROR:process_reader_win.cc(151)] SuspendThread: 拒绝访问。 (0x5)
[0119/223118.118:ERROR:process_reader_win.cc(151)] SuspendThread: 拒绝访问。 (0x5)
[0119/223118.118:ERROR:process_reader_win.cc(151)] SuspendThread: 拒绝访问。 (0x5)
[0119/223118.118:ERROR:process_reader_win.cc(151)] SuspendThread: 拒绝访问。 (0x5)
[0119/223118.118:ERROR:process_reader_win.cc(151)] SuspendThread: 拒绝访问。 (0x5)
[0119/223118.118:ERROR:process_reader_win.cc(151)] SuspendThread: 拒绝访问。 (0x5)
[0119/223118.118:ERROR:process_reader_win.cc(151)] SuspendThread: 拒绝访问。 (0x5)
[0119/223118.118:ERROR:process_reader_win.cc(151)] SuspendThread: 拒绝访问。 (0x5)
[0119/223118.118:ERROR:process_reader_win.cc(151)] SuspendThread: 拒绝访问。 (0x5)
[0119/223118.118:ERROR:process_reader_win.cc(151)] SuspendThread: 拒绝访问。 (0x5)
[0119/223118.118:ERROR:process_reader_win.cc(151)] SuspendThread: 拒绝访问。 (0x5)
[0119/223118.118:ERROR:process_reader_win.cc(151)] SuspendThread: 拒绝访问。 (0x5)
[0119/223118.118:ERROR:process_reader_win.cc(151)] SuspendThread: 拒绝访问。 (0x5)
[0119/223118.118:ERROR:process_reader_win.cc(151)] SuspendThread: 拒绝访问。 (0x5)
[0119/223118.118:ERROR:process_reader_win.cc(151)] SuspendThread: 拒绝访问。 (0x5)
[0119/223118.118:ERROR:process_reader_win.cc(151)] SuspendThread: 拒绝访问。 (0x5)
[0119/223118.118:ERROR:process_reader_win.cc(151)] SuspendThread: 拒绝访问。 (0x5)
[0119/223118.118:ERROR:process_reader_win.cc(151)] SuspendThread: 拒绝访问。 (0x5)
[0119/223118.118:ERROR:process_reader_win.cc(151)] SuspendThread: 拒绝访问。 (0x5)
[0119/223118.119:ERROR:process_reader_win.cc(151)] SuspendThread: 拒绝访问。 (0x5)
[0119/223118.119:ERROR:process_reader_win.cc(151)] SuspendThread: 拒绝访问。 (0x5)
[0119/223118.119:ERROR:process_reader_win.cc(151)] SuspendThread: 拒绝访问。 (0x5)
[0119/223118.119:ERROR:process_reader_win.cc(151)] SuspendThread: 拒绝访问。 (0x5)
[0119/223118.119:ERROR:process_reader_win.cc(151)] SuspendThread: 拒绝访问。 (0x5)
[0119/223118.119:ERROR:process_reader_win.cc(151)] SuspendThread: 拒绝访问。 (0x5)
[0119/223118.119:ERROR:process_reader_win.cc(151)] SuspendThread: 拒绝访问。 (0x5)
[0119/223118.119:ERROR:process_reader_win.cc(151)] SuspendThread: 拒绝访问。 (0x5)
[0119/223118.119:ERROR:process_reader_win.cc(151)] SuspendThread: 拒绝访问。 (0x5)
[0119/223118.119:ERROR:process_reader_win.cc(151)] SuspendThread: 拒绝访问。 (0x5)
[0119/223118.119:ERROR:process_reader_win.cc(151)] SuspendThread: 拒绝访问。 (0x5)
[0119/223118.119:ERROR:process_reader_win.cc(151)] SuspendThread: 拒绝访问。 (0x5)
[0119/223118.119:ERROR:process_reader_win.cc(151)] SuspendThread: 拒绝访问。 (0x5)
[0119/223118.119:ERROR:process_reader_win.cc(151)] SuspendThread: 拒绝访问。 (0x5)
[0119/223118.119:ERROR:process_reader_win.cc(151)] SuspendThread: 拒绝访问。 (0x5)
[0119/223118.119:ERROR:process_reader_win.cc(151)] SuspendThread: 拒绝访问。 (0x5)
[0119/223118.119:ERROR:process_reader_win.cc(151)] SuspendThread: 拒绝访问。 (0x5)
[0119/223118.119:ERROR:process_reader_win.cc(151)] SuspendThread: 拒绝访问。 (0x5)
[0119/223118.119:ERROR:process_reader_win.cc(151)] SuspendThread: 拒绝访问。 (0x5)
[0119/223118.119:ERROR:process_reader_win.cc(151)] SuspendThread: 拒绝访问。 (0x5)
[0119/223118.119:ERROR:process_reader_win.cc(151)] SuspendThread: 拒绝访问。 (0x5)
[0119/223118.119:ERROR:process_reader_win.cc(151)] SuspendThread: 拒绝访问。 (0x5)
[0119/223118.119:ERROR:process_reader_win.cc(151)] SuspendThread: 拒绝访问。 (0x5)
[0119/223118.119:ERROR:process_reader_win.cc(151)] SuspendThread: 拒绝访问。 (0x5)
[0119/223118.119:ERROR:process_reader_win.cc(151)] SuspendThread: 拒绝访问。 (0x5)
[0119/223118.119:ERROR:process_reader_win.cc(151)] SuspendThread: 拒绝访问。 (0x5)
[0119/223118.119:ERROR:process_reader_win.cc(151)] SuspendThread: 拒绝访问。 (0x5)
[0119/223118.119:ERROR:process_reader_win.cc(151)] SuspendThread: 拒绝访问。 (0x5)
[0119/223118.120:ERROR:process_reader_win.cc(151)] SuspendThread: 拒绝访问。 (0x5)
[0119/223118.120:ERROR:process_reader_win.cc(151)] SuspendThread: 拒绝访问。 (0x5)
[0119/223118.120:ERROR:process_reader_win.cc(151)] SuspendThread: 拒绝访问。 (0x5)
[0119/223118.120:ERROR:process_reader_win.cc(151)] SuspendThread: 拒绝访问。 (0x5)
[0119/223118.119:ERROR:process_reader_win.cc(151)] SuspendThread: 拒绝访问。 (0x5)
[0119/223118.120:ERROR:process_reader_win.cc(151)] SuspendThread: 拒绝访问。 (0x5)
[0119/223118.120:ERROR:process_reader_win.cc(151)] SuspendThread: 拒绝访问。 (0x5)
[0119/223118.120:ERROR:process_reader_win.cc(151)] SuspendThread: 拒绝访问。 (0x5)
[0119/223118.121:ERROR:process_reader_win.cc(151)] SuspendThread: 拒绝访问。 (0x5)
[0119/223118.121:ERROR:process_reader_win.cc(151)] SuspendThread: 拒绝访问。 (0x5)
[0119/223118.121:ERROR:process_reader_win.cc(151)] SuspendThread: 拒绝访问。 (0x5)
[0119/223118.121:ERROR:process_reader_win.cc(151)] SuspendThread: 拒绝访问。 (0x5)
[0119/223118.121:ERROR:process_reader_win.cc(151)] SuspendThread: 拒绝访问。 (0x5)
[0119/223118.121:ERROR:process_reader_win.cc(151)] SuspendThread: 拒绝访问。 (0x5)
[0119/223118.122:ERROR:process_reader_win.cc(151)] SuspendThread: 拒绝访问。 (0x5)
[0119/223118.122:ERROR:process_reader_win.cc(151)] SuspendThread: 拒绝访问。 (0x5)
[0119/223118.122:ERROR:process_reader_win.cc(151)] SuspendThread: 拒绝访问。 (0x5)
[0119/223118.122:ERROR:process_reader_win.cc(151)] SuspendThread: 拒绝访问。 (0x5)
[0119/223118.122:ERROR:process_reader_win.cc(151)] SuspendThread: 拒绝访问。 (0x5)
[0119/223118.122:ERROR:process_reader_win.cc(151)] SuspendThread: 拒绝访问。 (0x5)
[0119/223118.123:ERROR:process_reader_win.cc(151)] SuspendThread: 拒绝访问。 (0x5)
[0119/223118.123:ERROR:process_reader_win.cc(123)] NtOpenThread: {无法访问} 过程已请求访问一对象，但未给访问权限。 (0xc0000022)
[0119/223118.124:ERROR:exception_snapshot_win.cc(98)] thread ID 10308 not found in process
[0119/223118.124:ERROR:process_reader_win.cc(151)] SuspendThread: 拒绝访问。 (0x5)
[0119/223118.124:ERROR:process_reader_win.cc(151)] SuspendThread: 拒绝访问。 (0x5)
[0119/223118.124:ERROR:process_reader_win.cc(151)] SuspendThread: 拒绝访问。 (0x5)
[0119/223118.124:ERROR:process_reader_win.cc(151)] SuspendThread: 拒绝访问。 (0x5)
[0119/223118.124:ERROR:process_reader_win.cc(151)] SuspendThread: 拒绝访问。 (0x5)
[0119/223118.124:ERROR:process_reader_win.cc(151)] SuspendThread: 拒绝访问。 (0x5)
[0119/223118.124:ERROR:process_reader_win.cc(151)] SuspendThread: 拒绝访问。 (0x5)
[0119/223118.124:ERROR:process_reader_win.cc(151)] SuspendThread: 拒绝访问。 (0x5)
[0119/223118.124:ERROR:process_reader_win.cc(151)] SuspendThread: 拒绝访问。 (0x5)
[0119/223118.124:ERROR:process_reader_win.cc(151)] SuspendThread: 拒绝访问。 (0x5)
[0119/223118.125:ERROR:process_reader_win.cc(151)] SuspendThread: 拒绝访问。 (0x5)
[0119/223118.125:ERROR:process_reader_win.cc(151)] SuspendThread: 拒绝访问。 (0x5)
[0119/223118.125:ERROR:process_reader_win.cc(151)] SuspendThread: 拒绝访问。 (0x5)
[0119/223118.125:ERROR:process_reader_win.cc(151)] SuspendThread: 拒绝访问。 (0x5)
[0119/223118.125:ERROR:process_reader_win.cc(151)] SuspendThread: 拒绝访问。 (0x5)
[0119/223118.125:ERROR:process_reader_win.cc(151)] SuspendThread: 拒绝访问。 (0x5)
[0119/223118.125:ERROR:process_reader_win.cc(151)] SuspendThread: 拒绝访问。 (0x5)
[0119/223118.124:ERROR:process_reader_win.cc(123)] NtOpenThread: {无法访问} 过程已请求访问一对象，但未给访问权限。 (0xc0000022)
[0119/223118.125:ERROR:exception_snapshot_win.cc(98)] thread ID 13424 not found in process
[0119/223118.125:ERROR:process_reader_win.cc(151)] SuspendThread: 拒绝访问。 (0x5)
[0119/223118.125:ERROR:process_reader_win.cc(151)] SuspendThread: 拒绝访问。 (0x5)
[0119/223118.125:ERROR:process_reader_win.cc(151)] SuspendThread: 拒绝访问。 (0x5)
[0119/223118.125:ERROR:process_reader_win.cc(151)] SuspendThread: 拒绝访问。 (0x5)
[0119/223118.125:ERROR:process_reader_win.cc(151)] SuspendThread: 拒绝访问。 (0x5)
[0119/223118.125:ERROR:process_reader_win.cc(151)] SuspendThread: 拒绝访问。 (0x5)
[0119/223118.125:ERROR:process_reader_win.cc(151)] SuspendThread: 拒绝访问。 (0x5)
[0119/223118.125:ERROR:process_reader_win.cc(151)] SuspendThread: 拒绝访问。 (0x5)
[0119/223118.125:ERROR:process_reader_win.cc(151)] SuspendThread: 拒绝访问。 (0x5)
[0119/223118.125:ERROR:process_reader_win.cc(151)] SuspendThread: 拒绝访问。 (0x5)
[0119/223118.125:ERROR:process_reader_win.cc(151)] SuspendThread: 拒绝访问。 (0x5)
[0119/223118.125:ERROR:process_reader_win.cc(151)] SuspendThread: 拒绝访问。 (0x5)
[0119/223118.125:ERROR:process_reader_win.cc(151)] SuspendThread: 拒绝访问。 (0x5)
[0119/223118.125:ERROR:process_reader_win.cc(151)] SuspendThread: 拒绝访问。 (0x5)
[0119/223118.125:ERROR:process_reader_win.cc(151)] SuspendThread: 拒绝访问。 (0x5)
[0119/223118.125:ERROR:process_reader_win.cc(151)] SuspendThread: 拒绝访问。 (0x5)
[0119/223118.126:ERROR:process_reader_win.cc(151)] SuspendThread: 拒绝访问。 (0x5)
[0119/223118.126:ERROR:process_reader_win.cc(151)] SuspendThread: 拒绝访问。 (0x5)
[0119/223118.126:ERROR:process_reader_win.cc(151)] SuspendThread: 拒绝访问。 (0x5)
[0119/223118.126:ERROR:process_reader_win.cc(151)] SuspendThread: 拒绝访问。 (0x5)
[0119/223118.126:ERROR:process_reader_win.cc(151)] SuspendThread: 拒绝访问。 (0x5)
[0119/223118.126:ERROR:process_reader_win.cc(151)] SuspendThread: 拒绝访问。 (0x5)
[0119/223118.126:ERROR:process_reader_win.cc(151)] SuspendThread: 拒绝访问。 (0x5)
[0119/223118.126:ERROR:process_reader_win.cc(151)] SuspendThread: 拒绝访问。 (0x5)
[0119/223118.126:ERROR:process_reader_win.cc(151)] SuspendThread: 拒绝访问。 (0x5)
[0119/223118.126:ERROR:process_reader_win.cc(151)] SuspendThread: 拒绝访问。 (0x5)
[0119/223118.126:ERROR:process_reader_win.cc(151)] SuspendThread: 拒绝访问。 (0x5)
[0119/223118.126:ERROR:process_reader_win.cc(151)] SuspendThread: 拒绝访问。 (0x5)
[0119/223118.126:ERROR:process_reader_win.cc(151)] SuspendThread: 拒绝访问。 (0x5)
[0119/223118.126:ERROR:process_reader_win.cc(151)] SuspendThread: 拒绝访问。 (0x5)
[0119/223118.126:ERROR:process_reader_win.cc(151)] SuspendThread: 拒绝访问。 (0x5)
[0119/223118.126:ERROR:process_reader_win.cc(151)] SuspendThread: 拒绝访问。 (0x5)
[0119/223118.126:ERROR:process_reader_win.cc(151)] SuspendThread: 拒绝访问。 (0x5)
[0119/223118.126:ERROR:process_reader_win.cc(151)] SuspendThread: 拒绝访问。 (0x5)
[0119/223118.126:ERROR:process_reader_win.cc(151)] SuspendThread: 拒绝访问。 (0x5)
[0119/223118.126:ERROR:process_reader_win.cc(151)] SuspendThread: 拒绝访问。 (0x5)
[0119/223118.126:ERROR:process_reader_win.cc(151)] SuspendThread: 拒绝访问。 (0x5)
[0119/223118.126:ERROR:process_reader_win.cc(151)] SuspendThread: 拒绝访问。 (0x5)
[0119/223118.126:ERROR:process_reader_win.cc(151)] SuspendThread: 拒绝访问。 (0x5)
[0119/223118.126:ERROR:process_reader_win.cc(151)] SuspendThread: 拒绝访问。 (0x5)
[0119/223118.126:ERROR:process_reader_win.cc(151)] SuspendThread: 拒绝访问。 (0x5)
[0119/223118.126:ERROR:process_reader_win.cc(123)] NtOpenThread: {无法访问} 过程已请求访问一对象，但未给访问权限。 (0xc0000022)
[0119/223118.126:ERROR:process_reader_win.cc(151)] SuspendThread: 拒绝访问。 (0x5)
[0119/223118.126:ERROR:exception_snapshot_win.cc(98)] thread ID 33568 not found in process
[0119/223118.126:ERROR:process_reader_win.cc(123)] NtOpenThread: {无法访问} 过程已请求访问一对象，但未给访问权限。 (0xc0000022)
[0119/223118.128:ERROR:exception_snapshot_win.cc(98)] thread ID 31544 not found in process
[0119/223118.128:ERROR:process_reader_win.cc(151)] SuspendThread: 拒绝访问。 (0x5)
[0119/223118.128:ERROR:process_reader_win.cc(151)] SuspendThread: 拒绝访问。 (0x5)
[0119/223118.128:ERROR:process_reader_win.cc(151)] SuspendThread: 拒绝访问。 (0x5)
[0119/223118.128:ERROR:process_reader_win.cc(151)] SuspendThread: 拒绝访问。 (0x5)
[0119/223118.128:ERROR:process_reader_win.cc(151)] SuspendThread: 拒绝访问。 (0x5)
[0119/223118.128:ERROR:process_reader_win.cc(151)] SuspendThread: 拒绝访问。 (0x5)
[0119/223118.128:ERROR:process_reader_win.cc(151)] SuspendThread: 拒绝访问。 (0x5)
[0119/223118.128:ERROR:process_reader_win.cc(151)] SuspendThread: 拒绝访问。 (0x5)
[0119/223118.128:ERROR:process_reader_win.cc(151)] SuspendThread: 拒绝访问。 (0x5)
[0119/223118.128:ERROR:process_reader_win.cc(151)] SuspendThread: 拒绝访问。 (0x5)
[0119/223118.128:ERROR:process_reader_win.cc(151)] SuspendThread: 拒绝访问。 (0x5)
[0119/223118.128:ERROR:process_reader_win.cc(151)] SuspendThread: 拒绝访问。 (0x5)
[0119/223118.130:ERROR:process_reader_win.cc(151)] SuspendThread: 拒绝访问。 (0x5)
[0119/223118.128:ERROR:process_reader_win.cc(151)] SuspendThread: 拒绝访问。 (0x5)
[0119/223118.133:ERROR:process_reader_win.cc(151)] SuspendThread: 拒绝访问。 (0x5)
[0119/223118.133:ERROR:process_reader_win.cc(151)] SuspendThread: 拒绝访问。 (0x5)
[0119/223118.133:ERROR:process_reader_win.cc(151)] SuspendThread: 拒绝访问。 (0x5)
[0119/223118.133:ERROR:process_reader_win.cc(151)] SuspendThread: 拒绝访问。 (0x5)
[0119/223118.133:ERROR:process_reader_win.cc(151)] SuspendThread: 拒绝访问。 (0x5)
[0119/223118.133:ERROR:process_reader_win.cc(151)] SuspendThread: 拒绝访问。 (0x5)
[0119/223118.133:ERROR:process_reader_win.cc(151)] SuspendThread: 拒绝访问。 (0x5)
[0119/223118.133:ERROR:process_reader_win.cc(151)] SuspendThread: 拒绝访问。 (0x5)
[0119/223118.133:ERROR:process_reader_win.cc(151)] SuspendThread: 拒绝访问。 (0x5)
[0119/223118.133:ERROR:process_reader_win.cc(151)] SuspendThread: 拒绝访问。 (0x5)
[0119/223118.126:ERROR:process_reader_win.cc(123)] NtOpenThread: 指定无效的客户端 ID。 (0xc000000b)
[0119/223118.133:ERROR:process_reader_win.cc(151)] SuspendThread: 拒绝访问。 (0x5)
[0119/223118.133:ERROR:process_reader_win.cc(151)] SuspendThread: 拒绝访问。 (0x5)
[0119/223118.133:ERROR:process_reader_win.cc(151)] SuspendThread: 拒绝访问。 (0x5)
[0119/223118.133:ERROR:process_reader_win.cc(151)] SuspendThread: 拒绝访问。 (0x5)
[0119/223118.133:ERROR:process_reader_win.cc(151)] SuspendThread: 拒绝访问。 (0x5)
[0119/223118.133:ERROR:process_reader_win.cc(151)] SuspendThread: 拒绝访问。 (0x5)
[0119/223118.133:ERROR:process_reader_win.cc(151)] SuspendThread: 拒绝访问。 (0x5)
[0119/223118.133:ERROR:process_reader_win.cc(151)] SuspendThread: 拒绝访问。 (0x5)
[0119/223118.133:ERROR:process_reader_win.cc(151)] SuspendThread: 拒绝访问。 (0x5)
[0119/223118.133:ERROR:process_reader_win.cc(151)] SuspendThread: 拒绝访问。 (0x5)
[0119/223118.133:ERROR:process_reader_win.cc(151)] SuspendThread: 拒绝访问。 (0x5)
[0119/223118.134:ERROR:process_reader_win.cc(151)] SuspendThread: 拒绝访问。 (0x5)
[0119/223118.134:ERROR:process_reader_win.cc(151)] SuspendThread: 拒绝访问。 (0x5)
[0119/223118.134:ERROR:process_reader_win.cc(151)] SuspendThread: 拒绝访问。 (0x5)
[0119/223118.134:ERROR:process_reader_win.cc(151)] SuspendThread: 拒绝访问。 (0x5)
[0119/223118.134:ERROR:process_reader_win.cc(151)] SuspendThread: 拒绝访问。 (0x5)
[0119/223118.134:ERROR:process_reader_win.cc(151)] SuspendThread: 拒绝访问。 (0x5)
[0119/223118.134:ERROR:process_reader_win.cc(151)] SuspendThread: 拒绝访问。 (0x5)
[0119/223118.134:ERROR:process_reader_win.cc(151)] SuspendThread: 拒绝访问。 (0x5)
[0119/223118.134:ERROR:process_reader_win.cc(151)] SuspendThread: 拒绝访问。 (0x5)
[0119/223118.134:ERROR:process_reader_win.cc(151)] SuspendThread: 拒绝访问。 (0x5)
[0119/223118.134:ERROR:process_reader_win.cc(151)] SuspendThread: 拒绝访问。 (0x5)
[0119/223118.134:ERROR:process_reader_win.cc(151)] SuspendThread: 拒绝访问。 (0x5)
[0119/223118.134:ERROR:process_reader_win.cc(151)] SuspendThread: 拒绝访问。 (0x5)
[0119/223118.134:ERROR:process_reader_win.cc(151)] SuspendThread: 拒绝访问。 (0x5)
[0119/223118.134:ERROR:process_reader_win.cc(151)] SuspendThread: 拒绝访问。 (0x5)
[0119/223118.134:ERROR:process_reader_win.cc(151)] SuspendThread: 拒绝访问。 (0x5)
[0119/223118.134:ERROR:process_reader_win.cc(123)] NtOpenThread: {无法访问} 过程已请求访问一对象，但未给访问权限。 (0xc0000022)
[0119/223118.134:ERROR:exception_snapshot_win.cc(98)] thread ID 29260 not found in process
[0119/223118.133:ERROR:process_reader_win.cc(151)] SuspendThread: 拒绝访问。 (0x5)
[0119/223118.164:ERROR:process_reader_win.cc(123)] NtOpenThread: {无法访问} 过程已请求访问一对象，但未给访问权限。 (0xc0000022)
[0119/223118.164:ERROR:exception_snapshot_win.cc(98)] thread ID 25756 not found in process
[0119/223118.134:ERROR:process_reader_win.cc(123)] NtOpenThread: {无法访问} 过程已请求访问一对象，但未给访问权限。 (0xc0000022)
[0119/223118.164:ERROR:exception_snapshot_win.cc(98)] thread ID 31680 not found in process
[0119/223118.165:ERROR:process_reader_win.cc(151)] SuspendThread: 拒绝访问。 (0x5)
[0119/223118.165:ERROR:process_reader_win.cc(151)] SuspendThread: 拒绝访问。 (0x5)
[0119/223118.165:ERROR:process_reader_win.cc(151)] SuspendThread: 拒绝访问。 (0x5)
[0119/223118.165:ERROR:process_reader_win.cc(151)] SuspendThread: 拒绝访问。 (0x5)
[0119/223118.165:ERROR:process_reader_win.cc(151)] SuspendThread: 拒绝访问。 (0x5)
[0119/223118.165:ERROR:process_reader_win.cc(151)] SuspendThread: 拒绝访问。 (0x5)
[0119/223118.165:ERROR:process_reader_win.cc(151)] SuspendThread: 拒绝访问。 (0x5)
[0119/223118.165:ERROR:process_reader_win.cc(151)] SuspendThread: 拒绝访问。 (0x5)
[0119/223118.166:ERROR:process_reader_win.cc(151)] SuspendThread: 拒绝访问。 (0x5)
[0119/223118.169:ERROR:process_reader_win.cc(151)] SuspendThread: 拒绝访问。 (0x5)
[0119/223118.169:ERROR:process_reader_win.cc(151)] SuspendThread: 拒绝访问。 (0x5)
[0119/223118.169:ERROR:process_reader_win.cc(151)] SuspendThread: 拒绝访问。 (0x5)
[0119/223118.169:ERROR:process_reader_win.cc(151)] SuspendThread: 拒绝访问。 (0x5)
[0119/223118.169:ERROR:process_reader_win.cc(151)] SuspendThread: 拒绝访问。 (0x5)
[0119/223118.169:ERROR:process_reader_win.cc(151)] SuspendThread: 拒绝访问。 (0x5)
[0119/223118.169:ERROR:process_reader_win.cc(151)] SuspendThread: 拒绝访问。 (0x5)
[0119/223118.169:ERROR:process_reader_win.cc(151)] SuspendThread: 拒绝访问。 (0x5)
[0119/223118.169:ERROR:process_reader_win.cc(151)] SuspendThread: 拒绝访问。 (0x5)
[0119/223118.169:ERROR:process_reader_win.cc(151)] SuspendThread: 拒绝访问。 (0x5)
[0119/223118.169:ERROR:process_reader_win.cc(151)] SuspendThread: 拒绝访问。 (0x5)
[0119/223118.169:ERROR:process_reader_win.cc(151)] SuspendThread: 拒绝访问。 (0x5)
[0119/223118.169:ERROR:process_reader_win.cc(151)] SuspendThread: 拒绝访问。 (0x5)
[0119/223118.169:ERROR:process_reader_win.cc(151)] SuspendThread: 拒绝访问。 (0x5)
[0119/223118.169:ERROR:process_reader_win.cc(151)] SuspendThread: 拒绝访问。 (0x5)
[0119/223118.169:ERROR:process_reader_win.cc(151)] SuspendThread: 拒绝访问。 (0x5)
[0119/223118.170:ERROR:process_reader_win.cc(151)] SuspendThread: 拒绝访问。 (0x5)
[0119/223118.170:ERROR:process_reader_win.cc(151)] SuspendThread: 拒绝访问。 (0x5)
[0119/223118.170:ERROR:process_reader_win.cc(151)] SuspendThread: 拒绝访问。 (0x5)
[0119/223118.170:ERROR:process_reader_win.cc(151)] SuspendThread: 拒绝访问。 (0x5)
[0119/223118.170:ERROR:process_reader_win.cc(151)] SuspendThread: 拒绝访问。 (0x5)
[0119/223118.170:ERROR:process_reader_win.cc(151)] SuspendThread: 拒绝访问。 (0x5)
[0119/223118.170:ERROR:process_reader_win.cc(151)] SuspendThread: 拒绝访问。 (0x5)
[0119/223118.170:ERROR:process_reader_win.cc(151)] SuspendThread: 拒绝访问。 (0x5)
[0119/223118.170:ERROR:process_reader_win.cc(151)] SuspendThread: 拒绝访问。 (0x5)
[0119/223118.170:ERROR:process_reader_win.cc(151)] SuspendThread: 拒绝访问。 (0x5)
[0119/223118.170:ERROR:process_reader_win.cc(151)] SuspendThread: 拒绝访问。 (0x5)
[0119/223118.170:ERROR:process_reader_win.cc(151)] SuspendThread: 拒绝访问。 (0x5)
[0119/223118.170:ERROR:process_reader_win.cc(151)] SuspendThread: 拒绝访问。 (0x5)
[0119/223118.170:ERROR:process_reader_win.cc(151)] SuspendThread: 拒绝访问。 (0x5)
[0119/223118.170:ERROR:process_reader_win.cc(151)] SuspendThread: 拒绝访问。 (0x5)
[0119/223118.169:ERROR:process_reader_win.cc(123)] NtOpenThread: {无法访问} 过程已请求访问一对象，但未给访问权限。 (0xc0000022)
[0119/223118.170:ERROR:process_reader_win.cc(151)] SuspendThread: 拒绝访问。 (0x5)
[0119/223118.170:ERROR:exception_snapshot_win.cc(98)] thread ID 29008 not found in process
[0119/223118.170:ERROR:process_reader_win.cc(151)] SuspendThread: 拒绝访问。 (0x5)
[0119/223118.170:ERROR:process_reader_win.cc(151)] SuspendThread: 拒绝访问。 (0x5)
[0119/223118.170:ERROR:process_reader_win.cc(151)] SuspendThread: 拒绝访问。 (0x5)
[0119/223118.170:ERROR:process_reader_win.cc(151)] SuspendThread: 拒绝访问。 (0x5)
[0119/223118.170:ERROR:process_reader_win.cc(151)] SuspendThread: 拒绝访问。 (0x5)
[0119/223118.165:ERROR:process_reader_win.cc(151)] SuspendThread: 拒绝访问。 (0x5)
[0119/223118.170:ERROR:process_reader_win.cc(151)] SuspendThread: 拒绝访问。 (0x5)
[0119/223118.174:ERROR:process_reader_win.cc(151)] SuspendThread: 拒绝访问。 (0x5)
[0119/223118.174:ERROR:process_reader_win.cc(151)] SuspendThread: 拒绝访问。 (0x5)
[0119/223118.174:ERROR:process_reader_win.cc(151)] SuspendThread: 拒绝访问。 (0x5)
[0119/223118.174:ERROR:process_reader_win.cc(151)] SuspendThread: 拒绝访问。 (0x5)
[0119/223118.174:ERROR:process_reader_win.cc(151)] SuspendThread: 拒绝访问。 (0x5)
[0119/223118.174:ERROR:process_reader_win.cc(151)] SuspendThread: 拒绝访问。 (0x5)
[0119/223118.174:ERROR:process_reader_win.cc(151)] SuspendThread: 拒绝访问。 (0x5)
[0119/223118.174:ERROR:process_reader_win.cc(151)] SuspendThread: 拒绝访问。 (0x5)
[0119/223118.174:ERROR:process_reader_win.cc(151)] SuspendThread: 拒绝访问。 (0x5)
[0119/223118.174:ERROR:process_reader_win.cc(151)] SuspendThread: 拒绝访问。 (0x5)
[0119/223118.174:ERROR:process_reader_win.cc(151)] SuspendThread: 拒绝访问。 (0x5)
[0119/223118.174:ERROR:process_reader_win.cc(151)] SuspendThread: 拒绝访问。 (0x5)
[0119/223118.174:ERROR:process_reader_win.cc(151)] SuspendThread: 拒绝访问。 (0x5)
[0119/223118.175:ERROR:process_reader_win.cc(151)] SuspendThread: 拒绝访问。 (0x5)
[0119/223118.175:ERROR:process_reader_win.cc(151)] SuspendThread: 拒绝访问。 (0x5)
[0119/223118.175:ERROR:process_reader_win.cc(151)] SuspendThread: 拒绝访问。 (0x5)
[0119/223118.175:ERROR:process_reader_win.cc(151)] SuspendThread: 拒绝访问。 (0x5)
[0119/223118.175:ERROR:process_reader_win.cc(151)] SuspendThread: 拒绝访问。 (0x5)
[0119/223118.175:ERROR:process_reader_win.cc(151)] SuspendThread: 拒绝访问。 (0x5)
[0119/223118.175:ERROR:process_reader_win.cc(151)] SuspendThread: 拒绝访问。 (0x5)
[0119/223118.175:ERROR:process_reader_win.cc(151)] SuspendThread: 拒绝访问。 (0x5)
[0119/223118.175:ERROR:process_reader_win.cc(151)] SuspendThread: 拒绝访问。 (0x5)
[0119/223118.175:ERROR:process_reader_win.cc(151)] SuspendThread: 拒绝访问。 (0x5)
[0119/223118.175:ERROR:process_reader_win.cc(151)] SuspendThread: 拒绝访问。 (0x5)
[0119/223118.175:ERROR:process_reader_win.cc(151)] SuspendThread: 拒绝访问。 (0x5)
[0119/223118.175:ERROR:process_reader_win.cc(151)] SuspendThread: 拒绝访问。 (0x5)
[0119/223118.175:ERROR:process_reader_win.cc(151)] SuspendThread: 拒绝访问。 (0x5)
[0119/223118.175:ERROR:process_reader_win.cc(151)] SuspendThread: 拒绝访问。 (0x5)
[0119/223118.175:ERROR:process_reader_win.cc(151)] SuspendThread: 拒绝访问。 (0x5)
[0119/223118.175:ERROR:process_reader_win.cc(151)] SuspendThread: 拒绝访问。 (0x5)
[0119/223118.175:ERROR:process_reader_win.cc(151)] SuspendThread: 拒绝访问。 (0x5)
[0119/223118.175:ERROR:process_reader_win.cc(151)] SuspendThread: 拒绝访问。 (0x5)
[0119/223118.175:ERROR:process_reader_win.cc(151)] SuspendThread: 拒绝访问。 (0x5)
[0119/223118.175:ERROR:process_reader_win.cc(151)] SuspendThread: 拒绝访问。 (0x5)
[0119/223118.175:ERROR:process_reader_win.cc(151)] SuspendThread: 拒绝访问。 (0x5)
[0119/223118.175:ERROR:process_reader_win.cc(151)] SuspendThread: 拒绝访问。 (0x5)
[0119/223118.175:ERROR:process_reader_win.cc(151)] SuspendThread: 拒绝访问。 (0x5)
[0119/223118.175:ERROR:process_reader_win.cc(151)] SuspendThread: 拒绝访问。 (0x5)
[0119/223118.175:ERROR:process_reader_win.cc(151)] SuspendThread: 拒绝访问。 (0x5)
[0119/223118.175:ERROR:process_reader_win.cc(151)] SuspendThread: 拒绝访问。 (0x5)
[0119/223118.175:ERROR:process_reader_win.cc(151)] SuspendThread: 拒绝访问。 (0x5)
[0119/223118.175:ERROR:process_reader_win.cc(151)] SuspendThread: 拒绝访问。 (0x5)
[0119/223118.174:ERROR:process_reader_win.cc(123)] NtOpenThread: {无法访问} 过程已请求访问一对象，但未给访问权限。 (0xc0000022)
[0119/223118.175:ERROR:process_reader_win.cc(151)] SuspendThread: 拒绝访问。 (0x5)
[0119/223118.175:ERROR:process_reader_win.cc(151)] SuspendThread: 拒绝访问。 (0x5)
[0119/223118.175:ERROR:exception_snapshot_win.cc(98)] thread ID 17252 not found in process
[0119/223118.175:ERROR:process_reader_win.cc(151)] SuspendThread: 拒绝访问。 (0x5)
[0119/223118.175:ERROR:process_reader_win.cc(151)] SuspendThread: 拒绝访问。 (0x5)
[0119/223118.175:ERROR:process_reader_win.cc(151)] SuspendThread: 拒绝访问。 (0x5)
[0119/223118.175:ERROR:process_reader_win.cc(151)] SuspendThread: 拒绝访问。 (0x5)
[0119/223118.175:ERROR:process_reader_win.cc(151)] SuspendThread: 拒绝访问。 (0x5)
[0119/223118.175:ERROR:process_reader_win.cc(151)] SuspendThread: 拒绝访问。 (0x5)
[0119/223118.175:ERROR:process_reader_win.cc(151)] SuspendThread: 拒绝访问。 (0x5)
[0119/223118.175:ERROR:process_reader_win.cc(151)] SuspendThread: 拒绝访问。 (0x5)
[0119/223118.175:ERROR:process_reader_win.cc(151)] SuspendThread: 拒绝访问。 (0x5)
[0119/223118.175:ERROR:process_reader_win.cc(151)] SuspendThread: 拒绝访问。 (0x5)
[0119/223118.175:ERROR:process_reader_win.cc(151)] SuspendThread: 拒绝访问。 (0x5)
[0119/223118.175:ERROR:process_reader_win.cc(151)] SuspendThread: 拒绝访问。 (0x5)
[0119/223118.175:ERROR:process_reader_win.cc(151)] SuspendThread: 拒绝访问。 (0x5)
[0119/223118.175:ERROR:process_reader_win.cc(151)] SuspendThread: 拒绝访问。 (0x5)
[0119/223118.175:ERROR:process_reader_win.cc(151)] SuspendThread: 拒绝访问。 (0x5)
[0119/223118.175:ERROR:process_reader_win.cc(151)] SuspendThread: 拒绝访问。 (0x5)
[0119/223118.175:ERROR:process_reader_win.cc(123)] NtOpenThread: 指定无效的客户端 ID。 (0xc000000b)
[0119/223118.175:ERROR:process_reader_win.cc(123)] NtOpenThread: {无法访问} 过程已请求访问一对象，但未给访问权限。 (0xc0000022)
[0119/223118.176:ERROR:process_reader_win.cc(151)] SuspendThread: 拒绝访问。 (0x5)
[0119/223118.176:ERROR:exception_snapshot_win.cc(98)] thread ID 31196 not found in process
[0119/223118.176:ERROR:process_reader_win.cc(123)] NtOpenThread: {无法访问} 过程已请求访问一对象，但未给访问权限。 (0xc0000022)
[0119/223118.176:ERROR:exception_snapshot_win.cc(98)] thread ID 14284 not found in process
[0119/223117.833:ERROR:process_reader_win.cc(151)] SuspendThread: 拒绝访问。 (0x5)
[0119/223118.178:ERROR:process_reader_win.cc(151)] SuspendThread: 拒绝访问。 (0x5)
[0119/223118.178:ERROR:process_reader_win.cc(151)] SuspendThread: 拒绝访问。 (0x5)
[0119/223118.178:ERROR:process_reader_win.cc(151)] SuspendThread: 拒绝访问。 (0x5)
[0119/223118.178:ERROR:process_reader_win.cc(151)] SuspendThread: 拒绝访问。 (0x5)
[0119/223118.178:ERROR:process_reader_win.cc(151)] SuspendThread: 拒绝访问。 (0x5)
[0119/223118.178:ERROR:process_reader_win.cc(151)] SuspendThread: 拒绝访问。 (0x5)
[0119/223118.178:ERROR:process_reader_win.cc(151)] SuspendThread: 拒绝访问。 (0x5)
[0119/223118.178:ERROR:process_reader_win.cc(151)] SuspendThread: 拒绝访问。 (0x5)
[0119/223118.098:ERROR:process_reader_win.cc(123)] NtOpenThread: {无法访问} 过程已请求访问一对象，但未给访问权限。 (0xc0000022)
[0119/223118.187:ERROR:process_reader_win.cc(151)] SuspendThread: 拒绝访问。 (0x5)
[0119/223118.187:ERROR:exception_snapshot_win.cc(98)] thread ID 11596 not found in process
[0119/223118.187:ERROR:process_reader_win.cc(151)] SuspendThread: 拒绝访问。 (0x5)
[0119/223118.187:ERROR:process_reader_win.cc(151)] SuspendThread: 拒绝访问。 (0x5)
[0119/223118.187:ERROR:process_reader_win.cc(151)] SuspendThread: 拒绝访问。 (0x5)
[0119/223118.187:ERROR:process_reader_win.cc(151)] SuspendThread: 拒绝访问。 (0x5)
[0119/223118.187:ERROR:process_reader_win.cc(151)] SuspendThread: 拒绝访问。 (0x5)
[0119/223118.187:ERROR:process_reader_win.cc(151)] SuspendThread: 拒绝访问。 (0x5)
[0119/223118.188:ERROR:process_reader_win.cc(151)] SuspendThread: 拒绝访问。 (0x5)
[0119/223118.188:ERROR:process_reader_win.cc(151)] SuspendThread: 拒绝访问。 (0x5)
[0119/223118.188:ERROR:process_reader_win.cc(151)] SuspendThread: 拒绝访问。 (0x5)
[0119/223118.188:ERROR:process_reader_win.cc(151)] SuspendThread: 拒绝访问。 (0x5)
[0119/223118.188:ERROR:process_reader_win.cc(151)] SuspendThread: 拒绝访问。 (0x5)
[0119/223118.188:ERROR:process_reader_win.cc(151)] SuspendThread: 拒绝访问。 (0x5)
[0119/223118.188:ERROR:process_reader_win.cc(151)] SuspendThread: 拒绝访问。 (0x5)
[0119/223118.188:ERROR:process_reader_win.cc(151)] SuspendThread: 拒绝访问。 (0x5)
[0119/223118.188:ERROR:process_reader_win.cc(151)] SuspendThread: 拒绝访问。 (0x5)
[0119/223118.188:ERROR:process_reader_win.cc(151)] SuspendThread: 拒绝访问。 (0x5)
[0119/223118.188:ERROR:process_reader_win.cc(151)] SuspendThread: 拒绝访问。 (0x5)
[0119/223118.188:ERROR:process_reader_win.cc(151)] SuspendThread: 拒绝访问。 (0x5)
[0119/223118.188:ERROR:process_reader_win.cc(151)] SuspendThread: 拒绝访问。 (0x5)
[0119/223118.188:ERROR:process_reader_win.cc(151)] SuspendThread: 拒绝访问。 (0x5)
[0119/223118.188:ERROR:process_reader_win.cc(151)] SuspendThread: 拒绝访问。 (0x5)
[0119/223118.188:ERROR:process_reader_win.cc(123)] NtOpenThread: 指定无效的客户端 ID。 (0xc000000b)
[0119/223118.189:ERROR:process_reader_win.cc(123)] NtOpenThread: {无法访问} 过程已请求访问一对象，但未给访问权限。 (0xc0000022)
[0119/223118.189:ERROR:exception_snapshot_win.cc(98)] thread ID 17996 not found in process
[0119/223118.118:ERROR:process_reader_win.cc(123)] NtOpenThread: {无法访问} 过程已请求访问一对象，但未给访问权限。 (0xc0000022)
[0119/223118.193:ERROR:exception_snapshot_win.cc(98)] thread ID 41684 not found in process
[0119/223118.118:ERROR:process_reader_win.cc(123)] NtOpenThread: 指定无效的客户端 ID。 (0xc000000b)
[0119/223118.193:ERROR:process_reader_win.cc(151)] SuspendThread: 拒绝访问。 (0x5)
[0119/223118.193:ERROR:process_reader_win.cc(123)] NtOpenThread: {无法访问} 过程已请求访问一对象，但未给访问权限。 (0xc0000022)
[0119/223118.193:ERROR:exception_snapshot_win.cc(98)] thread ID 38828 not found in process
[0119/223118.119:ERROR:process_reader_win.cc(123)] NtOpenThread: 指定无效的客户端 ID。 (0xc000000b)
[0119/223118.194:ERROR:process_reader_win.cc(151)] SuspendThread: 拒绝访问。 (0x5)
[0119/223118.194:ERROR:process_reader_win.cc(123)] NtOpenThread: {无法访问} 过程已请求访问一对象，但未给访问权限。 (0xc0000022)
[0119/223118.194:ERROR:exception_snapshot_win.cc(98)] thread ID 36832 not found in process
[0119/223118.119:ERROR:process_reader_win.cc(123)] NtOpenThread: {无法访问} 过程已请求访问一对象，但未给访问权限。 (0xc0000022)
[0119/223118.194:ERROR:exception_snapshot_win.cc(98)] thread ID 13152 not found in process
[0119/223118.119:ERROR:process_reader_win.cc(123)] NtOpenThread: 指定无效的客户端 ID。 (0xc000000b)
[0119/223118.194:ERROR:process_reader_win.cc(151)] SuspendThread: 拒绝访问。 (0x5)
[0119/223118.194:ERROR:process_reader_win.cc(123)] NtOpenThread: {无法访问} 过程已请求访问一对象，但未给访问权限。 (0xc0000022)
[0119/223118.194:ERROR:exception_snapshot_win.cc(98)] thread ID 20336 not found in process
